
out/my_daq.elf:     file format elf32-avr


Disassembly of section .text:

00000000 <__vectors>:
   0:	33 c0       	rjmp	.+102    	; 0x68 <__ctors_end>
   2:	00 00       	nop
   4:	39 c0       	rjmp	.+114    	; 0x78 <__bad_interrupt>
   6:	00 00       	nop
   8:	37 c0       	rjmp	.+110    	; 0x78 <__bad_interrupt>
   a:	00 00       	nop
   c:	35 c0       	rjmp	.+106    	; 0x78 <__bad_interrupt>
   e:	00 00       	nop
  10:	33 c0       	rjmp	.+102    	; 0x78 <__bad_interrupt>
  12:	00 00       	nop
  14:	31 c0       	rjmp	.+98     	; 0x78 <__bad_interrupt>
  16:	00 00       	nop
  18:	2f c0       	rjmp	.+94     	; 0x78 <__bad_interrupt>
  1a:	00 00       	nop
  1c:	2d c0       	rjmp	.+90     	; 0x78 <__bad_interrupt>
  1e:	00 00       	nop
  20:	2b c0       	rjmp	.+86     	; 0x78 <__bad_interrupt>
  22:	00 00       	nop
  24:	29 c0       	rjmp	.+82     	; 0x78 <__bad_interrupt>
  26:	00 00       	nop
  28:	27 c0       	rjmp	.+78     	; 0x78 <__bad_interrupt>
  2a:	00 00       	nop
  2c:	25 c0       	rjmp	.+74     	; 0x78 <__bad_interrupt>
  2e:	00 00       	nop
  30:	23 c0       	rjmp	.+70     	; 0x78 <__bad_interrupt>
  32:	00 00       	nop
  34:	21 c0       	rjmp	.+66     	; 0x78 <__bad_interrupt>
  36:	00 00       	nop
  38:	1f c0       	rjmp	.+62     	; 0x78 <__bad_interrupt>
  3a:	00 00       	nop
  3c:	1d c0       	rjmp	.+58     	; 0x78 <__bad_interrupt>
  3e:	00 00       	nop
  40:	1b c0       	rjmp	.+54     	; 0x78 <__bad_interrupt>
  42:	00 00       	nop
  44:	19 c0       	rjmp	.+50     	; 0x78 <__bad_interrupt>
  46:	00 00       	nop
  48:	17 c0       	rjmp	.+46     	; 0x78 <__bad_interrupt>
  4a:	00 00       	nop
  4c:	15 c0       	rjmp	.+42     	; 0x78 <__bad_interrupt>
  4e:	00 00       	nop
  50:	13 c0       	rjmp	.+38     	; 0x78 <__bad_interrupt>
  52:	00 00       	nop
  54:	11 c0       	rjmp	.+34     	; 0x78 <__bad_interrupt>
  56:	00 00       	nop
  58:	0f c0       	rjmp	.+30     	; 0x78 <__bad_interrupt>
  5a:	00 00       	nop
  5c:	0d c0       	rjmp	.+26     	; 0x78 <__bad_interrupt>
  5e:	00 00       	nop
  60:	0b c0       	rjmp	.+22     	; 0x78 <__bad_interrupt>
  62:	00 00       	nop
  64:	09 c0       	rjmp	.+18     	; 0x78 <__bad_interrupt>
	...

00000068 <__ctors_end>:
  68:	11 24       	eor	r1, r1
  6a:	1f be       	out	0x3f, r1	; 63
  6c:	cf ef       	ldi	r28, 0xFF	; 255
  6e:	d8 e0       	ldi	r29, 0x08	; 8
  70:	de bf       	out	0x3e, r29	; 62
  72:	cd bf       	out	0x3d, r28	; 61
  74:	02 d0       	rcall	.+4      	; 0x7a <main>
  76:	02 c0       	rjmp	.+4      	; 0x7c <_exit>

00000078 <__bad_interrupt>:
  78:	c3 cf       	rjmp	.-122    	; 0x0 <__vectors>

0000007a <main>:
along with this program; if not, write to the Free Software
Foundation, Inc., 51 Franklin Street, Fifth Floor, Boston, MA  02110-1301, USA.
*******************************************************************************/

void main(void)
{
  7a:	ff cf       	rjmp	.-2      	; 0x7a <main>

0000007c <_exit>:
  7c:	f8 94       	cli

0000007e <__stop_program>:
  7e:	ff cf       	rjmp	.-2      	; 0x7e <__stop_program>
